<?xml version="1.0" encoding="UTF-8"?>
<!-- Generated by org.testng.reporters.JUnitReportReporter -->
<testsuite hostname="DESKTOP-0FVG80T" failures="0" tests="1" name="scripts.Testcase3" time="14.314" errors="0" timestamp="2022-08-05T11:41:04 IST" skipped="0">
  <testcase classname="scripts.Testcase3" name="tc3" time="14.314"/>
  <system-out/>
</testsuite> <!-- scripts.Testcase3 -->
