<?xml version="1.0" encoding="UTF-8"?>
<!-- Generated by org.testng.reporters.JUnitReportReporter -->
<testsuite hostname="DESKTOP-0FVG80T" failures="0" tests="2" name="com.sdet.Apptest" time="0.036" errors="0" timestamp="2022-07-28T17:26:52 IST" skipped="0">
  <testcase classname="com.sdet.Apptest" name="testlogin1" time="0.034"/>
  <system-out/>
  <testcase classname="com.sdet.Apptest" name="testlogin2" time="0.002"/>
  <system-out/>
</testsuite> <!-- com.sdet.Apptest -->
