<?xml version="1.0" encoding="UTF-8"?>
<!-- Generated by org.testng.reporters.JUnitReportReporter -->
<testsuite hostname="DESKTOP-0FVG80T" failures="0" tests="1" name="com.sdet.TC_login" time="10.441" errors="0" timestamp="2022-07-28T19:47:44 IST" skipped="0">
  <testcase classname="com.sdet.TC_login" name="login" time="10.441"/>
  <system-out/>
</testsuite> <!-- com.sdet.TC_login -->
