<?xml version="1.0" encoding="UTF-8"?>
<!-- Generated by org.testng.reporters.JUnitReportReporter -->
<testsuite hostname="DESKTOP-0FVG80T" failures="0" tests="1" name="scripts.Testcase2" time="18.401" errors="0" timestamp="2022-08-05T09:43:41 IST" skipped="0">
  <testcase classname="scripts.Testcase2" name="tc2" time="18.401"/>
  <system-out/>
</testsuite> <!-- scripts.Testcase2 -->
